<?xml version="1.0" encoding="UTF-8"?>
<!-- Generated by org.testng.reporters.JUnitReportReporter -->
<testsuite hostname="INLPF1AX7GT" failures="0" tests="3" name="DependencyMethods.Logins" time="0.014" errors="0" timestamp="2024-11-04T17:56:19 IST" skipped="0">
  <testcase classname="DependencyMethods.Logins" name="loginbyemail" time="0.011"/>
  <testcase classname="DependencyMethods.Logins" name="loginfacebook" time="0.002"/>
  <testcase classname="DependencyMethods.Logins" name="loginbytwitter" time="0.001"/>
</testsuite> <!-- DependencyMethods.Logins -->
