<?xml version="1.0" encoding="UTF-8"?>
<!-- Generated by org.testng.reporters.JUnitReportReporter -->
<testsuite hostname="INLPF1AX7GT" failures="0" tests="3" name="TestNGDemo.TestDemo" time="0.012" errors="0" timestamp="2024-10-11T22:25:52 IST" skipped="0">
  <testcase classname="TestNGDemo.TestDemo" name="logout" time="0.002"/>
  <testcase classname="TestNGDemo.TestDemo" name="Openurl" time="0.001"/>
  <testcase classname="TestNGDemo.TestDemo" name="Login" time="0.009"/>
</testsuite> <!-- TestNGDemo.TestDemo -->
