<?xml version="1.0" encoding="UTF-8"?>
<!-- Generated by org.testng.reporters.JUnitReportReporter -->
<testsuite hostname="INLPF1AX7GT" failures="0" tests="2" name="FlowOfTestNG.C3" time="0.002" errors="0" timestamp="2024-11-01T15:29:21 IST" skipped="0">
  <testcase classname="FlowOfTestNG.C3" name="pqr" time="0.001"/>
  <testcase classname="FlowOfTestNG.C3" name="pqr" time="0.001"/>
</testsuite> <!-- FlowOfTestNG.C3 -->
