<?xml version="1.0" encoding="UTF-8"?>
<!-- Generated by org.testng.reporters.JUnitReportReporter -->
<testsuite hostname="INLPF1AX7GT" failures="0" tests="2" name="TestNGDemo.Annotation" time="0.046" errors="0" timestamp="2024-10-13T16:18:45 IST" skipped="0">
  <testcase classname="TestNGDemo.Annotation" name="search" time="0.043"/>
  <testcase classname="TestNGDemo.Annotation" name="adsearch" time="0.003"/>
</testsuite> <!-- TestNGDemo.Annotation -->
