<?xml version="1.0" encoding="UTF-8"?>
<!-- Generated by org.testng.reporters.JUnitReportReporter -->
<testsuite hostname="INLPF1AX7GT" failures="0" tests="3" name="TestNGDemo.AllAnnotation" time="0.008" errors="0" timestamp="2024-10-13T17:51:19 IST" skipped="0">
  <testcase classname="TestNGDemo.AllAnnotation" name="xyz" time="0.002"/>
  <testcase classname="TestNGDemo.AllAnnotation" name="PQR" time="0.006"/>
  <testcase classname="TestNGDemo.AllAnnotation" name="abc" time="0.000"/>
</testsuite> <!-- TestNGDemo.AllAnnotation -->
