<?xml version="1.0" encoding="UTF-8"?>
<!-- Generated by org.testng.reporters.JUnitReportReporter -->
<testsuite hostname="INLPF1AX7GT" failures="0" tests="5" name="DependencyMethods.DependencyMethodsDemo" time="0.082" errors="0" timestamp="2024-10-19T16:39:07 IST" skipped="0">
  <testcase classname="DependencyMethods.DependencyMethodsDemo" name="openapp" time="0.077"/>
  <testcase classname="DependencyMethods.DependencyMethodsDemo" name="login" time="0.002"/>
  <testcase classname="DependencyMethods.DependencyMethodsDemo" name="search" time="0.002"/>
  <testcase classname="DependencyMethods.DependencyMethodsDemo" name="logout" time="0.001"/>
  <testcase classname="DependencyMethods.DependencyMethodsDemo" name="advsearvh" time="0.000"/>
</testsuite> <!-- DependencyMethods.DependencyMethodsDemo -->
