<?xml version="1.0" encoding="UTF-8"?>
<!-- Generated by org.testng.reporters.JUnitReportReporter -->
<testsuite hostname="INLPF1AX7GT" failures="0" tests="2" name="TestNGDemo.Annotation2" time="0.008" errors="0" timestamp="2024-10-13T16:29:17 IST" skipped="0">
  <testcase classname="TestNGDemo.Annotation2" name="search" time="0.006"/>
  <testcase classname="TestNGDemo.Annotation2" name="adsearch" time="0.002"/>
</testsuite> <!-- TestNGDemo.Annotation2 -->
