<?xml version="1.0" encoding="UTF-8"?>
<!-- Generated by org.testng.reporters.JUnitReportReporter -->
<testsuite hostname="INLPF1AX7GT" failures="0" tests="1" name="Assertions.AssertionsDemo" time="0.087" errors="0" timestamp="2024-10-19T13:32:46 IST" skipped="0">
  <testcase classname="Assertions.AssertionsDemo" name="testtitle" time="0.087"/>
</testsuite> <!-- Assertions.AssertionsDemo -->
